{"C:\\Users\\DuyPC1\\Desktop\\fa.nodejs.mock.batch1\\server\\src\\app.js": {"path":"C:\\Users\\DuyPC1\\Desktop\\fa.nodejs.mock.batch1\\server\\src\\app.js","statementMap":{"0":{"start":{"line":1,"column":16},"end":{"line":1,"column":34}},"1":{"start":{"line":2,"column":19},"end":{"line":2,"column":41}},"2":{"start":{"line":3,"column":13},"end":{"line":3,"column":28}},"3":{"start":{"line":4,"column":13},"end":{"line":4,"column":28}},"4":{"start":{"line":5,"column":15},"end":{"line":5,"column":32}},"5":{"start":{"line":6,"column":0},"end":{"line":6,"column":26}},"6":{"start":{"line":8,"column":18},"end":{"line":8,"column":47}},"7":{"start":{"line":10,"column":13},"end":{"line":10,"column":30}},"8":{"start":{"line":11,"column":24},"end":{"line":11,"column":57}},"9":{"start":{"line":13,"column":18},"end":{"line":13,"column":48}},"10":{"start":{"line":14,"column":19},"end":{"line":14,"column":50}},"11":{"start":{"line":15,"column":21},"end":{"line":15,"column":54}},"12":{"start":{"line":17,"column":12},"end":{"line":17,"column":21}},"13":{"start":{"line":19,"column":0},"end":{"line":19,"column":16}},"14":{"start":{"line":20,"column":0},"end":{"line":20,"column":24}},"15":{"start":{"line":21,"column":0},"end":{"line":25,"column":4}},"16":{"start":{"line":26,"column":0},"end":{"line":26,"column":24}},"17":{"start":{"line":28,"column":0},"end":{"line":28,"column":67}},"18":{"start":{"line":30,"column":0},"end":{"line":30,"column":28}},"19":{"start":{"line":31,"column":0},"end":{"line":31,"column":30}},"20":{"start":{"line":32,"column":0},"end":{"line":32,"column":34}},"21":{"start":{"line":33,"column":0},"end":{"line":33,"column":72}},"22":{"start":{"line":36,"column":0},"end":{"line":44,"column":2}},"23":{"start":{"line":37,"column":4},"end":{"line":40,"column":6}},"24":{"start":{"line":46,"column":13},"end":{"line":46,"column":58}},"25":{"start":{"line":48,"column":0},"end":{"line":50,"column":3}},"26":{"start":{"line":49,"column":4},"end":{"line":49,"column":52}},"27":{"start":{"line":52,"column":0},"end":{"line":52,"column":21}}},"fnMap":{"0":{"name":"(anonymous_0)","decl":{"start":{"line":36,"column":8},"end":{"line":36,"column":9}},"loc":{"start":{"line":36,"column":35},"end":{"line":44,"column":1}},"line":36},"1":{"name":"(anonymous_1)","decl":{"start":{"line":48,"column":17},"end":{"line":48,"column":18}},"loc":{"start":{"line":48,"column":23},"end":{"line":50,"column":1}},"line":48}},"branchMap":{"0":{"loc":{"start":{"line":37,"column":22},"end":{"line":37,"column":41}},"type":"binary-expr","locations":[{"start":{"line":37,"column":22},"end":{"line":37,"column":34}},{"start":{"line":37,"column":38},"end":{"line":37,"column":41}}],"line":37},"1":{"loc":{"start":{"line":46,"column":13},"end":{"line":46,"column":58}},"type":"cond-expr","locations":[{"start":{"line":46,"column":47},"end":{"line":46,"column":51}},{"start":{"line":46,"column":54},"end":{"line":46,"column":58}}],"line":46}},"s":{"0":1,"1":1,"2":1,"3":1,"4":1,"5":1,"6":1,"7":1,"8":1,"9":1,"10":1,"11":1,"12":1,"13":1,"14":1,"15":1,"16":1,"17":1,"18":1,"19":1,"20":1,"21":1,"22":1,"23":21,"24":1,"25":1,"26":1,"27":1},"f":{"0":21,"1":1},"b":{"0":[21,0],"1":[1,0]},"_coverageSchema":"1a1c01bbd47fc00a2c39e90264f33305004495a9","hash":"1e7fa076e38aa53d349aab65b89cbc07afb6c720"}
,"C:\\Users\\DuyPC1\\Desktop\\fa.nodejs.mock.batch1\\server\\src\\constant.js": {"path":"C:\\Users\\DuyPC1\\Desktop\\fa.nodejs.mock.batch1\\server\\src\\constant.js","statementMap":{"0":{"start":{"line":1,"column":0},"end":{"line":40,"column":1}}},"fnMap":{},"branchMap":{},"s":{"0":1},"f":{},"b":{},"_coverageSchema":"1a1c01bbd47fc00a2c39e90264f33305004495a9","hash":"f80a6e763a7c3fd087456b7fdb8ba7c98fb8f48a"}
,"C:\\Users\\DuyPC1\\Desktop\\fa.nodejs.mock.batch1\\server\\src\\controllers\\product.controller.js": {"path":"C:\\Users\\DuyPC1\\Desktop\\fa.nodejs.mock.batch1\\server\\src\\controllers\\product.controller.js","statementMap":{"0":{"start":{"line":1,"column":16},"end":{"line":1,"column":56}},"1":{"start":{"line":2,"column":17},"end":{"line":2,"column":41}},"2":{"start":{"line":4,"column":0},"end":{"line":14,"column":2}},"3":{"start":{"line":5,"column":4},"end":{"line":13,"column":5}},"4":{"start":{"line":6,"column":28},"end":{"line":6,"column":58}},"5":{"start":{"line":7,"column":8},"end":{"line":10,"column":10}},"6":{"start":{"line":12,"column":8},"end":{"line":12,"column":20}},"7":{"start":{"line":16,"column":0},"end":{"line":26,"column":1}},"8":{"start":{"line":17,"column":4},"end":{"line":25,"column":5}},"9":{"start":{"line":18,"column":22},"end":{"line":18,"column":55}},"10":{"start":{"line":19,"column":8},"end":{"line":22,"column":10}},"11":{"start":{"line":24,"column":8},"end":{"line":24,"column":20}},"12":{"start":{"line":29,"column":0},"end":{"line":38,"column":2}},"13":{"start":{"line":30,"column":4},"end":{"line":37,"column":5}},"14":{"start":{"line":31,"column":8},"end":{"line":31,"column":36}},"15":{"start":{"line":32,"column":8},"end":{"line":34,"column":10}},"16":{"start":{"line":36,"column":8},"end":{"line":36,"column":20}},"17":{"start":{"line":40,"column":0},"end":{"line":50,"column":2}},"18":{"start":{"line":41,"column":4},"end":{"line":49,"column":5}},"19":{"start":{"line":42,"column":21},"end":{"line":42,"column":49}},"20":{"start":{"line":43,"column":8},"end":{"line":46,"column":10}},"21":{"start":{"line":48,"column":8},"end":{"line":48,"column":19}},"22":{"start":{"line":52,"column":0},"end":{"line":62,"column":2}},"23":{"start":{"line":53,"column":4},"end":{"line":61,"column":5}},"24":{"start":{"line":54,"column":23},"end":{"line":54,"column":50}},"25":{"start":{"line":55,"column":8},"end":{"line":58,"column":10}},"26":{"start":{"line":60,"column":8},"end":{"line":60,"column":19}},"27":{"start":{"line":64,"column":0},"end":{"line":74,"column":2}},"28":{"start":{"line":65,"column":4},"end":{"line":73,"column":5}},"29":{"start":{"line":66,"column":27},"end":{"line":66,"column":59}},"30":{"start":{"line":67,"column":8},"end":{"line":70,"column":10}},"31":{"start":{"line":72,"column":8},"end":{"line":72,"column":20}},"32":{"start":{"line":76,"column":0},"end":{"line":86,"column":2}},"33":{"start":{"line":77,"column":4},"end":{"line":85,"column":5}},"34":{"start":{"line":78,"column":23},"end":{"line":78,"column":55}},"35":{"start":{"line":79,"column":8},"end":{"line":82,"column":10}},"36":{"start":{"line":84,"column":8},"end":{"line":84,"column":20}},"37":{"start":{"line":88,"column":0},"end":{"line":98,"column":1}},"38":{"start":{"line":89,"column":4},"end":{"line":97,"column":5}},"39":{"start":{"line":90,"column":22},"end":{"line":90,"column":49}},"40":{"start":{"line":91,"column":8},"end":{"line":94,"column":10}},"41":{"start":{"line":96,"column":8},"end":{"line":96,"column":19}}},"fnMap":{"0":{"name":"(anonymous_0)","decl":{"start":{"line":4,"column":29},"end":{"line":4,"column":30}},"loc":{"start":{"line":4,"column":55},"end":{"line":14,"column":1}},"line":4},"1":{"name":"(anonymous_1)","decl":{"start":{"line":16,"column":32},"end":{"line":16,"column":33}},"loc":{"start":{"line":16,"column":58},"end":{"line":26,"column":1}},"line":16},"2":{"name":"(anonymous_2)","decl":{"start":{"line":29,"column":26},"end":{"line":29,"column":27}},"loc":{"start":{"line":29,"column":52},"end":{"line":38,"column":1}},"line":29},"3":{"name":"(anonymous_3)","decl":{"start":{"line":40,"column":34},"end":{"line":40,"column":35}},"loc":{"start":{"line":40,"column":60},"end":{"line":50,"column":1}},"line":40},"4":{"name":"(anonymous_4)","decl":{"start":{"line":52,"column":26},"end":{"line":52,"column":27}},"loc":{"start":{"line":52,"column":52},"end":{"line":62,"column":1}},"line":52},"5":{"name":"(anonymous_5)","decl":{"start":{"line":64,"column":31},"end":{"line":64,"column":32}},"loc":{"start":{"line":64,"column":57},"end":{"line":74,"column":1}},"line":64},"6":{"name":"(anonymous_6)","decl":{"start":{"line":76,"column":31},"end":{"line":76,"column":32}},"loc":{"start":{"line":76,"column":57},"end":{"line":86,"column":1}},"line":76},"7":{"name":"(anonymous_7)","decl":{"start":{"line":88,"column":29},"end":{"line":88,"column":30}},"loc":{"start":{"line":88,"column":55},"end":{"line":98,"column":1}},"line":88}},"branchMap":{},"s":{"0":1,"1":1,"2":1,"3":6,"4":6,"5":6,"6":0,"7":1,"8":2,"9":2,"10":1,"11":1,"12":1,"13":1,"14":1,"15":0,"16":1,"17":1,"18":1,"19":1,"20":1,"21":0,"22":1,"23":1,"24":1,"25":0,"26":1,"27":1,"28":0,"29":0,"30":0,"31":0,"32":1,"33":0,"34":0,"35":0,"36":0,"37":1,"38":0,"39":0,"40":0,"41":0},"f":{"0":6,"1":2,"2":1,"3":1,"4":1,"5":0,"6":0,"7":0},"b":{},"_coverageSchema":"1a1c01bbd47fc00a2c39e90264f33305004495a9","hash":"241e8b586572d52fb815ea48b108a705a6195032"}
,"C:\\Users\\DuyPC1\\Desktop\\fa.nodejs.mock.batch1\\server\\src\\controllers\\token.controller.js": {"path":"C:\\Users\\DuyPC1\\Desktop\\fa.nodejs.mock.batch1\\server\\src\\controllers\\token.controller.js","statementMap":{"0":{"start":{"line":1,"column":16},"end":{"line":1,"column":54}},"1":{"start":{"line":2,"column":17},"end":{"line":2,"column":41}},"2":{"start":{"line":4,"column":0},"end":{"line":14,"column":1}},"3":{"start":{"line":5,"column":4},"end":{"line":13,"column":5}},"4":{"start":{"line":6,"column":31},"end":{"line":6,"column":61}},"5":{"start":{"line":7,"column":8},"end":{"line":10,"column":10}},"6":{"start":{"line":12,"column":8},"end":{"line":12,"column":19}}},"fnMap":{"0":{"name":"(anonymous_0)","decl":{"start":{"line":4,"column":29},"end":{"line":4,"column":30}},"loc":{"start":{"line":4,"column":55},"end":{"line":14,"column":1}},"line":4}},"branchMap":{},"s":{"0":1,"1":1,"2":1,"3":0,"4":0,"5":0,"6":0},"f":{"0":0},"b":{},"_coverageSchema":"1a1c01bbd47fc00a2c39e90264f33305004495a9","hash":"eee0f52ba7455931ee30d59da809489ce43e524a"}
,"C:\\Users\\DuyPC1\\Desktop\\fa.nodejs.mock.batch1\\server\\src\\controllers\\user.controller.js": {"path":"C:\\Users\\DuyPC1\\Desktop\\fa.nodejs.mock.batch1\\server\\src\\controllers\\user.controller.js","statementMap":{"0":{"start":{"line":1,"column":20},"end":{"line":1,"column":38}},"1":{"start":{"line":3,"column":16},"end":{"line":3,"column":53}},"2":{"start":{"line":4,"column":17},"end":{"line":4,"column":41}},"3":{"start":{"line":6,"column":0},"end":{"line":15,"column":2}},"4":{"start":{"line":7,"column":4},"end":{"line":14,"column":5}},"5":{"start":{"line":8,"column":8},"end":{"line":8,"column":36}},"6":{"start":{"line":9,"column":8},"end":{"line":11,"column":10}},"7":{"start":{"line":13,"column":8},"end":{"line":13,"column":20}},"8":{"start":{"line":17,"column":0},"end":{"line":27,"column":2}},"9":{"start":{"line":18,"column":4},"end":{"line":26,"column":5}},"10":{"start":{"line":19,"column":21},"end":{"line":19,"column":52}},"11":{"start":{"line":20,"column":8},"end":{"line":23,"column":10}},"12":{"start":{"line":25,"column":8},"end":{"line":25,"column":19}},"13":{"start":{"line":29,"column":0},"end":{"line":39,"column":1}},"14":{"start":{"line":30,"column":4},"end":{"line":38,"column":5}},"15":{"start":{"line":31,"column":21},"end":{"line":31,"column":50}},"16":{"start":{"line":32,"column":8},"end":{"line":35,"column":10}}},"fnMap":{"0":{"name":"(anonymous_0)","decl":{"start":{"line":6,"column":26},"end":{"line":6,"column":27}},"loc":{"start":{"line":6,"column":52},"end":{"line":15,"column":1}},"line":6},"1":{"name":"(anonymous_1)","decl":{"start":{"line":17,"column":23},"end":{"line":17,"column":24}},"loc":{"start":{"line":17,"column":49},"end":{"line":27,"column":1}},"line":17},"2":{"name":"(anonymous_2)","decl":{"start":{"line":29,"column":28},"end":{"line":29,"column":29}},"loc":{"start":{"line":29,"column":54},"end":{"line":39,"column":1}},"line":29}},"branchMap":{},"s":{"0":1,"1":1,"2":1,"3":1,"4":2,"5":2,"6":0,"7":2,"8":1,"9":7,"10":7,"11":2,"12":5,"13":1,"14":1,"15":1,"16":1},"f":{"0":2,"1":7,"2":1},"b":{},"_coverageSchema":"1a1c01bbd47fc00a2c39e90264f33305004495a9","hash":"738909309bf1d4728d15d7f2ccb186464f21e88c"}
,"C:\\Users\\DuyPC1\\Desktop\\fa.nodejs.mock.batch1\\server\\src\\middlewares\\customPassport.passport.js": {"path":"C:\\Users\\DuyPC1\\Desktop\\fa.nodejs.mock.batch1\\server\\src\\middlewares\\customPassport.passport.js","statementMap":{"0":{"start":{"line":1,"column":17},"end":{"line":1,"column":36}},"1":{"start":{"line":2,"column":0},"end":{"line":2,"column":37}},"2":{"start":{"line":4,"column":0},"end":{"line":15,"column":1}},"3":{"start":{"line":5,"column":4},"end":{"line":14,"column":22}},"4":{"start":{"line":6,"column":8},"end":{"line":8,"column":9}},"5":{"start":{"line":7,"column":12},"end":{"line":7,"column":47}},"6":{"start":{"line":9,"column":8},"end":{"line":11,"column":9}},"7":{"start":{"line":10,"column":12},"end":{"line":10,"column":56}},"8":{"start":{"line":12,"column":8},"end":{"line":12,"column":24}},"9":{"start":{"line":13,"column":8},"end":{"line":13,"column":14}}},"fnMap":{"0":{"name":"(anonymous_0)","decl":{"start":{"line":4,"column":32},"end":{"line":4,"column":33}},"loc":{"start":{"line":4,"column":53},"end":{"line":15,"column":1}},"line":4},"1":{"name":"(anonymous_1)","decl":{"start":{"line":5,"column":51},"end":{"line":5,"column":52}},"loc":{"start":{"line":5,"column":72},"end":{"line":14,"column":5}},"line":5}},"branchMap":{"0":{"loc":{"start":{"line":6,"column":8},"end":{"line":8,"column":9}},"type":"if","locations":[{"start":{"line":6,"column":8},"end":{"line":8,"column":9}},{"start":{"line":6,"column":8},"end":{"line":8,"column":9}}],"line":6},"1":{"loc":{"start":{"line":9,"column":8},"end":{"line":11,"column":9}},"type":"if","locations":[{"start":{"line":9,"column":8},"end":{"line":11,"column":9}},{"start":{"line":9,"column":8},"end":{"line":11,"column":9}}],"line":9}},"s":{"0":1,"1":1,"2":1,"3":23,"4":23,"5":0,"6":23,"7":11,"8":12,"9":12},"f":{"0":23,"1":23},"b":{"0":[0,23],"1":[11,12]},"_coverageSchema":"1a1c01bbd47fc00a2c39e90264f33305004495a9","hash":"20fe5303e074460f424ba48b0d75c4e2dabc844b"}
,"C:\\Users\\DuyPC1\\Desktop\\fa.nodejs.mock.batch1\\server\\src\\middlewares\\input.validate.js": {"path":"C:\\Users\\DuyPC1\\Desktop\\fa.nodejs.mock.batch1\\server\\src\\middlewares\\input.validate.js","statementMap":{"0":{"start":{"line":1,"column":12},"end":{"line":1,"column":26}},"1":{"start":{"line":2,"column":27},"end":{"line":2,"column":61}},"2":{"start":{"line":4,"column":26},"end":{"line":12,"column":3}},"3":{"start":{"line":14,"column":20},"end":{"line":19,"column":2}},"4":{"start":{"line":21,"column":0},"end":{"line":48,"column":2}},"5":{"start":{"line":22,"column":19},"end":{"line":22,"column":22}},"6":{"start":{"line":23,"column":23},"end":{"line":23,"column":55}},"7":{"start":{"line":24,"column":18},"end":{"line":24,"column":85}},"8":{"start":{"line":25,"column":4},"end":{"line":27,"column":5}},"9":{"start":{"line":26,"column":8},"end":{"line":26,"column":14}},"10":{"start":{"line":28,"column":4},"end":{"line":33,"column":9}},"11":{"start":{"line":29,"column":12},"end":{"line":32,"column":14}},"12":{"start":{"line":34,"column":4},"end":{"line":39,"column":9}},"13":{"start":{"line":35,"column":12},"end":{"line":38,"column":14}},"14":{"start":{"line":40,"column":4},"end":{"line":46,"column":5}},"15":{"start":{"line":41,"column":8},"end":{"line":45,"column":10}}},"fnMap":{"0":{"name":"(anonymous_0)","decl":{"start":{"line":21,"column":31},"end":{"line":21,"column":32}},"loc":{"start":{"line":21,"column":57},"end":{"line":48,"column":1}},"line":21}},"branchMap":{"0":{"loc":{"start":{"line":25,"column":4},"end":{"line":27,"column":5}},"type":"if","locations":[{"start":{"line":25,"column":4},"end":{"line":27,"column":5}},{"start":{"line":25,"column":4},"end":{"line":27,"column":5}}],"line":25},"1":{"loc":{"start":{"line":25,"column":7},"end":{"line":25,"column":40}},"type":"binary-expr","locations":[{"start":{"line":25,"column":7},"end":{"line":25,"column":24}},{"start":{"line":25,"column":28},"end":{"line":25,"column":40}}],"line":25},"2":{"loc":{"start":{"line":28,"column":4},"end":{"line":33,"column":9}},"type":"if","locations":[{"start":{"line":28,"column":4},"end":{"line":33,"column":9}},{"start":{"line":28,"column":4},"end":{"line":33,"column":9}}],"line":28},"3":{"loc":{"start":{"line":28,"column":7},"end":{"line":28,"column":39}},"type":"binary-expr","locations":[{"start":{"line":28,"column":7},"end":{"line":28,"column":23}},{"start":{"line":28,"column":27},"end":{"line":28,"column":39}}],"line":28},"4":{"loc":{"start":{"line":34,"column":4},"end":{"line":39,"column":9}},"type":"if","locations":[{"start":{"line":34,"column":4},"end":{"line":39,"column":9}},{"start":{"line":34,"column":4},"end":{"line":39,"column":9}}],"line":34},"5":{"loc":{"start":{"line":34,"column":7},"end":{"line":34,"column":39}},"type":"binary-expr","locations":[{"start":{"line":34,"column":7},"end":{"line":34,"column":24}},{"start":{"line":34,"column":28},"end":{"line":34,"column":39}}],"line":34},"6":{"loc":{"start":{"line":40,"column":4},"end":{"line":46,"column":5}},"type":"if","locations":[{"start":{"line":40,"column":4},"end":{"line":46,"column":5}},{"start":{"line":40,"column":4},"end":{"line":46,"column":5}}],"line":40},"7":{"loc":{"start":{"line":40,"column":7},"end":{"line":40,"column":38}},"type":"binary-expr","locations":[{"start":{"line":40,"column":7},"end":{"line":40,"column":23}},{"start":{"line":40,"column":27},"end":{"line":40,"column":38}}],"line":40}},"s":{"0":1,"1":1,"2":1,"3":1,"4":1,"5":5,"6":5,"7":5,"8":5,"9":2,"10":5,"11":0,"12":5,"13":2,"14":3,"15":1},"f":{"0":5},"b":{"0":[2,3],"1":[5,4],"2":[0,5],"3":[5,1],"4":[2,3],"5":[5,4],"6":[1,2],"7":[3,1]},"_coverageSchema":"1a1c01bbd47fc00a2c39e90264f33305004495a9","hash":"a22faac08829434527103ffb5167fd099c7cc28c"}
,"C:\\Users\\DuyPC1\\Desktop\\fa.nodejs.mock.batch1\\server\\src\\middlewares\\passport.js": {"path":"C:\\Users\\DuyPC1\\Desktop\\fa.nodejs.mock.batch1\\server\\src\\middlewares\\passport.js","statementMap":{"0":{"start":{"line":1,"column":20},"end":{"line":1,"column":52}},"1":{"start":{"line":2,"column":19},"end":{"line":2,"column":53}},"2":{"start":{"line":3,"column":17},"end":{"line":3,"column":36}},"3":{"start":{"line":5,"column":16},"end":{"line":8,"column":1}},"4":{"start":{"line":10,"column":12},"end":{"line":10,"column":30}},"5":{"start":{"line":11,"column":13},"end":{"line":11,"column":28}},"6":{"start":{"line":12,"column":0},"end":{"line":15,"column":5}},"7":{"start":{"line":17,"column":18},"end":{"line":17,"column":51}},"8":{"start":{"line":19,"column":17},"end":{"line":43,"column":2}},"9":{"start":{"line":21,"column":18},"end":{"line":32,"column":3}},"10":{"start":{"line":34,"column":2},"end":{"line":34,"column":51}},"11":{"start":{"line":35,"column":23},"end":{"line":35,"column":55}},"12":{"start":{"line":36,"column":2},"end":{"line":41,"column":3}},"13":{"start":{"line":37,"column":6},"end":{"line":37,"column":38}},"14":{"start":{"line":40,"column":6},"end":{"line":40,"column":31}},"15":{"start":{"line":45,"column":0},"end":{"line":45,"column":23}}},"fnMap":{"0":{"name":"(anonymous_0)","decl":{"start":{"line":19,"column":42},"end":{"line":19,"column":43}},"loc":{"start":{"line":19,"column":67},"end":{"line":43,"column":1}},"line":19}},"branchMap":{"0":{"loc":{"start":{"line":36,"column":2},"end":{"line":41,"column":3}},"type":"if","locations":[{"start":{"line":36,"column":2},"end":{"line":41,"column":3}},{"start":{"line":36,"column":2},"end":{"line":41,"column":3}}],"line":36}},"s":{"0":1,"1":1,"2":1,"3":1,"4":1,"5":1,"6":1,"7":1,"8":1,"9":12,"10":12,"11":12,"12":12,"13":12,"14":0,"15":1},"f":{"0":12},"b":{"0":[12,0]},"_coverageSchema":"1a1c01bbd47fc00a2c39e90264f33305004495a9","hash":"f76f906aa43be4e33c626137f64806b3239ad697"}
,"C:\\Users\\DuyPC1\\Desktop\\fa.nodejs.mock.batch1\\server\\src\\middlewares\\upload.base64.js": {"path":"C:\\Users\\DuyPC1\\Desktop\\fa.nodejs.mock.batch1\\server\\src\\middlewares\\upload.base64.js","statementMap":{"0":{"start":{"line":1,"column":11},"end":{"line":1,"column":24}},"1":{"start":{"line":2,"column":13},"end":{"line":2,"column":28}},"2":{"start":{"line":3,"column":0},"end":{"line":3,"column":27}},"3":{"start":{"line":5,"column":0},"end":{"line":26,"column":1}},"4":{"start":{"line":6,"column":21},"end":{"line":6,"column":50}},"5":{"start":{"line":8,"column":4},"end":{"line":11,"column":5}},"6":{"start":{"line":9,"column":23},"end":{"line":9,"column":25}},"7":{"start":{"line":10,"column":6},"end":{"line":10,"column":24}},"8":{"start":{"line":13,"column":24},"end":{"line":13,"column":53}},"9":{"start":{"line":14,"column":23},"end":{"line":14,"column":37}},"10":{"start":{"line":15,"column":25},"end":{"line":15,"column":56}},"11":{"start":{"line":17,"column":4},"end":{"line":19,"column":5}},"12":{"start":{"line":18,"column":8},"end":{"line":18,"column":57}},"13":{"start":{"line":21,"column":4},"end":{"line":21,"column":60}},"14":{"start":{"line":22,"column":4},"end":{"line":22,"column":46}},"15":{"start":{"line":23,"column":16},"end":{"line":23,"column":46}},"16":{"start":{"line":25,"column":4},"end":{"line":25,"column":15}},"17":{"start":{"line":28,"column":22},"end":{"line":37,"column":1}},"18":{"start":{"line":30,"column":14},"end":{"line":30,"column":45}},"19":{"start":{"line":32,"column":4},"end":{"line":36,"column":7}},"20":{"start":{"line":33,"column":6},"end":{"line":35,"column":7}},"21":{"start":{"line":34,"column":8},"end":{"line":34,"column":20}}},"fnMap":{"0":{"name":"(anonymous_0)","decl":{"start":{"line":5,"column":29},"end":{"line":5,"column":30}},"loc":{"start":{"line":5,"column":59},"end":{"line":26,"column":1}},"line":5},"1":{"name":"(anonymous_1)","decl":{"start":{"line":28,"column":22},"end":{"line":28,"column":23}},"loc":{"start":{"line":28,"column":48},"end":{"line":37,"column":1}},"line":28},"2":{"name":"(anonymous_2)","decl":{"start":{"line":32,"column":74},"end":{"line":32,"column":75}},"loc":{"start":{"line":32,"column":89},"end":{"line":36,"column":5}},"line":32}},"branchMap":{"0":{"loc":{"start":{"line":8,"column":4},"end":{"line":11,"column":5}},"type":"if","locations":[{"start":{"line":8,"column":4},"end":{"line":11,"column":5}},{"start":{"line":8,"column":4},"end":{"line":11,"column":5}}],"line":8},"1":{"loc":{"start":{"line":17,"column":4},"end":{"line":19,"column":5}},"type":"if","locations":[{"start":{"line":17,"column":4},"end":{"line":19,"column":5}},{"start":{"line":17,"column":4},"end":{"line":19,"column":5}}],"line":17},"2":{"loc":{"start":{"line":33,"column":6},"end":{"line":35,"column":7}},"type":"if","locations":[{"start":{"line":33,"column":6},"end":{"line":35,"column":7}},{"start":{"line":33,"column":6},"end":{"line":35,"column":7}}],"line":33}},"s":{"0":1,"1":1,"2":1,"3":1,"4":0,"5":0,"6":0,"7":0,"8":0,"9":0,"10":0,"11":0,"12":0,"13":0,"14":0,"15":0,"16":0,"17":1,"18":0,"19":0,"20":0,"21":0},"f":{"0":0,"1":0,"2":0},"b":{"0":[0,0],"1":[0,0],"2":[0,0]},"_coverageSchema":"1a1c01bbd47fc00a2c39e90264f33305004495a9","hash":"2ec466485c4d62d58313e4b36e81c81a0bbde921"}
,"C:\\Users\\DuyPC1\\Desktop\\fa.nodejs.mock.batch1\\server\\src\\routes\\product.route.js": {"path":"C:\\Users\\DuyPC1\\Desktop\\fa.nodejs.mock.batch1\\server\\src\\routes\\product.route.js","statementMap":{"0":{"start":{"line":1,"column":16},"end":{"line":1,"column":34}},"1":{"start":{"line":2,"column":15},"end":{"line":2,"column":31}},"2":{"start":{"line":3,"column":26},"end":{"line":3,"column":72}},"3":{"start":{"line":4,"column":17},"end":{"line":4,"column":36}},"4":{"start":{"line":5,"column":0},"end":{"line":5,"column":37}},"5":{"start":{"line":6,"column":23},"end":{"line":6,"column":74}},"6":{"start":{"line":8,"column":0},"end":{"line":8,"column":79}},"7":{"start":{"line":10,"column":0},"end":{"line":10,"column":91}},"8":{"start":{"line":12,"column":0},"end":{"line":12,"column":84}},"9":{"start":{"line":14,"column":0},"end":{"line":14,"column":94}},"10":{"start":{"line":16,"column":0},"end":{"line":16,"column":84}},"11":{"start":{"line":18,"column":0},"end":{"line":18,"column":91}},"12":{"start":{"line":20,"column":0},"end":{"line":20,"column":86}},"13":{"start":{"line":22,"column":0},"end":{"line":22,"column":81}},"14":{"start":{"line":24,"column":0},"end":{"line":24,"column":23}}},"fnMap":{},"branchMap":{},"s":{"0":1,"1":1,"2":1,"3":1,"4":1,"5":1,"6":1,"7":1,"8":1,"9":1,"10":1,"11":1,"12":1,"13":1,"14":1},"f":{},"b":{},"_coverageSchema":"1a1c01bbd47fc00a2c39e90264f33305004495a9","hash":"0fc503579f2c6bb77f1532576ca25f415dbb486b"}
,"C:\\Users\\DuyPC1\\Desktop\\fa.nodejs.mock.batch1\\server\\src\\routes\\token.route.js": {"path":"C:\\Users\\DuyPC1\\Desktop\\fa.nodejs.mock.batch1\\server\\src\\routes\\token.route.js","statementMap":{"0":{"start":{"line":1,"column":16},"end":{"line":1,"column":34}},"1":{"start":{"line":2,"column":15},"end":{"line":2,"column":31}},"2":{"start":{"line":3,"column":24},"end":{"line":3,"column":68}},"3":{"start":{"line":5,"column":0},"end":{"line":5,"column":57}},"4":{"start":{"line":7,"column":0},"end":{"line":7,"column":23}}},"fnMap":{},"branchMap":{},"s":{"0":1,"1":1,"2":1,"3":1,"4":1},"f":{},"b":{},"_coverageSchema":"1a1c01bbd47fc00a2c39e90264f33305004495a9","hash":"35a36db64a95386cb44ce19b37ac483bc5a92cce"}
,"C:\\Users\\DuyPC1\\Desktop\\fa.nodejs.mock.batch1\\server\\src\\routes\\user.route.js": {"path":"C:\\Users\\DuyPC1\\Desktop\\fa.nodejs.mock.batch1\\server\\src\\routes\\user.route.js","statementMap":{"0":{"start":{"line":1,"column":16},"end":{"line":1,"column":34}},"1":{"start":{"line":2,"column":15},"end":{"line":2,"column":31}},"2":{"start":{"line":3,"column":23},"end":{"line":3,"column":66}},"3":{"start":{"line":4,"column":18},"end":{"line":4,"column":60}},"4":{"start":{"line":6,"column":17},"end":{"line":6,"column":36}},"5":{"start":{"line":7,"column":0},"end":{"line":7,"column":37}},"6":{"start":{"line":8,"column":23},"end":{"line":8,"column":74}},"7":{"start":{"line":9,"column":20},"end":{"line":9,"column":61}},"8":{"start":{"line":11,"column":0},"end":{"line":11,"column":75}},"9":{"start":{"line":13,"column":0},"end":{"line":13,"column":44}},"10":{"start":{"line":15,"column":0},"end":{"line":15,"column":81}},"11":{"start":{"line":17,"column":0},"end":{"line":22,"column":3}},"12":{"start":{"line":18,"column":4},"end":{"line":18,"column":17}},"13":{"start":{"line":19,"column":4},"end":{"line":21,"column":6}},"14":{"start":{"line":28,"column":0},"end":{"line":28,"column":23}}},"fnMap":{"0":{"name":"(anonymous_0)","decl":{"start":{"line":17,"column":23},"end":{"line":17,"column":24}},"loc":{"start":{"line":17,"column":37},"end":{"line":22,"column":1}},"line":17}},"branchMap":{},"s":{"0":1,"1":1,"2":1,"3":1,"4":1,"5":1,"6":1,"7":1,"8":1,"9":1,"10":1,"11":1,"12":0,"13":0,"14":1},"f":{"0":0},"b":{},"_coverageSchema":"1a1c01bbd47fc00a2c39e90264f33305004495a9","hash":"5525f7dbf4a7d28fd4f1cce00c04a4e60be230a2"}
,"C:\\Users\\DuyPC1\\Desktop\\fa.nodejs.mock.batch1\\server\\src\\services\\product.service.js": {"path":"C:\\Users\\DuyPC1\\Desktop\\fa.nodejs.mock.batch1\\server\\src\\services\\product.service.js","statementMap":{"0":{"start":{"line":1,"column":12},"end":{"line":1,"column":30}},"1":{"start":{"line":2,"column":13},"end":{"line":2,"column":28}},"2":{"start":{"line":3,"column":10},"end":{"line":3,"column":27}},"3":{"start":{"line":4,"column":0},"end":{"line":4,"column":27}},"4":{"start":{"line":5,"column":17},"end":{"line":5,"column":41}},"5":{"start":{"line":7,"column":0},"end":{"line":10,"column":7}},"6":{"start":{"line":12,"column":18},"end":{"line":12,"column":51}},"7":{"start":{"line":14,"column":32},"end":{"line":31,"column":1}},"8":{"start":{"line":15,"column":31},"end":{"line":25,"column":5}},"9":{"start":{"line":27,"column":4},"end":{"line":27,"column":53}},"10":{"start":{"line":28,"column":26},"end":{"line":28,"column":69}},"11":{"start":{"line":30,"column":4},"end":{"line":30,"column":25}},"12":{"start":{"line":33,"column":26},"end":{"line":50,"column":1}},"13":{"start":{"line":34,"column":17},"end":{"line":45,"column":5}},"14":{"start":{"line":47,"column":4},"end":{"line":47,"column":53}},"15":{"start":{"line":48,"column":26},"end":{"line":48,"column":55}},"16":{"start":{"line":49,"column":4},"end":{"line":49,"column":25}},"17":{"start":{"line":52,"column":22},"end":{"line":68,"column":1}},"18":{"start":{"line":53,"column":24},"end":{"line":53,"column":49}},"19":{"start":{"line":54,"column":17},"end":{"line":63,"column":5}},"20":{"start":{"line":65,"column":4},"end":{"line":65,"column":54}},"21":{"start":{"line":66,"column":18},"end":{"line":66,"column":47}},"22":{"start":{"line":67,"column":4},"end":{"line":67,"column":17}},"23":{"start":{"line":70,"column":0},"end":{"line":117,"column":2}},"24":{"start":{"line":71,"column":18},"end":{"line":71,"column":32}},"25":{"start":{"line":72,"column":4},"end":{"line":100,"column":5}},"26":{"start":{"line":73,"column":21},"end":{"line":84,"column":9}},"27":{"start":{"line":87,"column":21},"end":{"line":99,"column":9}},"28":{"start":{"line":102,"column":4},"end":{"line":102,"column":54}},"29":{"start":{"line":103,"column":20},"end":{"line":103,"column":49}},"30":{"start":{"line":105,"column":22},"end":{"line":105,"column":46}},"31":{"start":{"line":107,"column":4},"end":{"line":113,"column":5}},"32":{"start":{"line":107,"column":16},"end":{"line":107,"column":17}},"33":{"start":{"line":108,"column":8},"end":{"line":112,"column":9}},"34":{"start":{"line":108,"column":20},"end":{"line":108,"column":21}},"35":{"start":{"line":109,"column":12},"end":{"line":111,"column":13}},"36":{"start":{"line":110,"column":16},"end":{"line":110,"column":49}},"37":{"start":{"line":115,"column":4},"end":{"line":115,"column":19}},"38":{"start":{"line":120,"column":0},"end":{"line":144,"column":1}},"39":{"start":{"line":121,"column":17},"end":{"line":121,"column":27}},"40":{"start":{"line":123,"column":17},"end":{"line":129,"column":5}},"41":{"start":{"line":131,"column":4},"end":{"line":131,"column":50}},"42":{"start":{"line":132,"column":15},"end":{"line":132,"column":42}},"43":{"start":{"line":133,"column":4},"end":{"line":135,"column":5}},"44":{"start":{"line":134,"column":8},"end":{"line":134,"column":63}},"45":{"start":{"line":136,"column":22},"end":{"line":136,"column":82}},"46":{"start":{"line":138,"column":4},"end":{"line":140,"column":5}},"47":{"start":{"line":139,"column":8},"end":{"line":139,"column":33}},"48":{"start":{"line":142,"column":4},"end":{"line":142,"column":16}},"49":{"start":{"line":148,"column":0},"end":{"line":187,"column":2}},"50":{"start":{"line":149,"column":21},"end":{"line":149,"column":29}},"51":{"start":{"line":151,"column":22},"end":{"line":151,"column":86}},"52":{"start":{"line":153,"column":4},"end":{"line":186,"column":5}},"53":{"start":{"line":154,"column":21},"end":{"line":160,"column":9}},"54":{"start":{"line":162,"column":23},"end":{"line":173,"column":9}},"55":{"start":{"line":175,"column":8},"end":{"line":175,"column":60}},"56":{"start":{"line":176,"column":24},"end":{"line":176,"column":56}},"57":{"start":{"line":178,"column":8},"end":{"line":178,"column":54}},"58":{"start":{"line":179,"column":8},"end":{"line":179,"column":36}},"59":{"start":{"line":180,"column":8},"end":{"line":180,"column":22}},"60":{"start":{"line":185,"column":8},"end":{"line":185,"column":62}},"61":{"start":{"line":189,"column":0},"end":{"line":226,"column":2}},"62":{"start":{"line":190,"column":19},"end":{"line":190,"column":22}},"63":{"start":{"line":191,"column":21},"end":{"line":191,"column":29}},"64":{"start":{"line":193,"column":22},"end":{"line":193,"column":86}},"65":{"start":{"line":195,"column":4},"end":{"line":225,"column":5}},"66":{"start":{"line":196,"column":21},"end":{"line":202,"column":9}},"67":{"start":{"line":204,"column":25},"end":{"line":215,"column":9}},"68":{"start":{"line":217,"column":8},"end":{"line":217,"column":60}},"69":{"start":{"line":218,"column":8},"end":{"line":218,"column":60}},"70":{"start":{"line":219,"column":24},"end":{"line":219,"column":58}},"71":{"start":{"line":220,"column":8},"end":{"line":220,"column":39}},"72":{"start":{"line":221,"column":8},"end":{"line":221,"column":21}},"73":{"start":{"line":224,"column":8},"end":{"line":224,"column":65}},"74":{"start":{"line":228,"column":0},"end":{"line":261,"column":2}},"75":{"start":{"line":229,"column":17},"end":{"line":229,"column":41}},"76":{"start":{"line":231,"column":4},"end":{"line":234,"column":5}},"77":{"start":{"line":233,"column":8},"end":{"line":233,"column":20}},"78":{"start":{"line":236,"column":18},"end":{"line":236,"column":20}},"79":{"start":{"line":237,"column":4},"end":{"line":239,"column":5}},"80":{"start":{"line":237,"column":16},"end":{"line":237,"column":17}},"81":{"start":{"line":238,"column":8},"end":{"line":238,"column":42}},"82":{"start":{"line":240,"column":20},"end":{"line":240,"column":22}},"83":{"start":{"line":241,"column":16},"end":{"line":241,"column":17}},"84":{"start":{"line":242,"column":4},"end":{"line":246,"column":7}},"85":{"start":{"line":243,"column":8},"end":{"line":243,"column":16}},"86":{"start":{"line":244,"column":18},"end":{"line":244,"column":37}},"87":{"start":{"line":245,"column":8},"end":{"line":245,"column":40}},"88":{"start":{"line":247,"column":17},"end":{"line":254,"column":5}},"89":{"start":{"line":256,"column":4},"end":{"line":256,"column":52}},"90":{"start":{"line":257,"column":19},"end":{"line":257,"column":47}},"91":{"start":{"line":259,"column":4},"end":{"line":259,"column":18}},"92":{"start":{"line":263,"column":0},"end":{"line":307,"column":2}},"93":{"start":{"line":264,"column":49},"end":{"line":264,"column":57}},"94":{"start":{"line":266,"column":17},"end":{"line":266,"column":76}},"95":{"start":{"line":268,"column":4},"end":{"line":270,"column":5}},"96":{"start":{"line":269,"column":8},"end":{"line":269,"column":68}},"97":{"start":{"line":272,"column":18},"end":{"line":272,"column":20}},"98":{"start":{"line":273,"column":4},"end":{"line":275,"column":5}},"99":{"start":{"line":273,"column":16},"end":{"line":273,"column":17}},"100":{"start":{"line":274,"column":8},"end":{"line":274,"column":42}},"101":{"start":{"line":276,"column":20},"end":{"line":276,"column":22}},"102":{"start":{"line":277,"column":16},"end":{"line":277,"column":17}},"103":{"start":{"line":278,"column":4},"end":{"line":282,"column":7}},"104":{"start":{"line":279,"column":8},"end":{"line":279,"column":16}},"105":{"start":{"line":280,"column":18},"end":{"line":280,"column":37}},"106":{"start":{"line":281,"column":8},"end":{"line":281,"column":40}},"107":{"start":{"line":284,"column":17},"end":{"line":291,"column":5}},"108":{"start":{"line":293,"column":4},"end":{"line":293,"column":52}},"109":{"start":{"line":294,"column":19},"end":{"line":294,"column":47}},"110":{"start":{"line":296,"column":22},"end":{"line":296,"column":46}},"111":{"start":{"line":298,"column":4},"end":{"line":304,"column":5}},"112":{"start":{"line":298,"column":16},"end":{"line":298,"column":17}},"113":{"start":{"line":299,"column":8},"end":{"line":303,"column":9}},"114":{"start":{"line":299,"column":20},"end":{"line":299,"column":21}},"115":{"start":{"line":300,"column":12},"end":{"line":302,"column":13}},"116":{"start":{"line":301,"column":16},"end":{"line":301,"column":48}},"117":{"start":{"line":306,"column":4},"end":{"line":306,"column":69}},"118":{"start":{"line":310,"column":0},"end":{"line":337,"column":2}},"119":{"start":{"line":311,"column":18},"end":{"line":311,"column":27}},"120":{"start":{"line":312,"column":4},"end":{"line":312,"column":32}},"121":{"start":{"line":314,"column":17},"end":{"line":325,"column":5}},"122":{"start":{"line":327,"column":4},"end":{"line":327,"column":54}},"123":{"start":{"line":328,"column":19},"end":{"line":328,"column":48}},"124":{"start":{"line":330,"column":4},"end":{"line":335,"column":5}},"125":{"start":{"line":331,"column":8},"end":{"line":331,"column":50}},"126":{"start":{"line":334,"column":8},"end":{"line":334,"column":28}},"127":{"start":{"line":339,"column":0},"end":{"line":355,"column":1}},"128":{"start":{"line":341,"column":17},"end":{"line":350,"column":5}},"129":{"start":{"line":352,"column":4},"end":{"line":352,"column":54}},"130":{"start":{"line":353,"column":18},"end":{"line":353,"column":47}},"131":{"start":{"line":354,"column":4},"end":{"line":354,"column":17}}},"fnMap":{"0":{"name":"(anonymous_0)","decl":{"start":{"line":14,"column":32},"end":{"line":14,"column":33}},"loc":{"start":{"line":14,"column":58},"end":{"line":31,"column":1}},"line":14},"1":{"name":"(anonymous_1)","decl":{"start":{"line":33,"column":26},"end":{"line":33,"column":27}},"loc":{"start":{"line":33,"column":72},"end":{"line":50,"column":1}},"line":33},"2":{"name":"(anonymous_2)","decl":{"start":{"line":52,"column":22},"end":{"line":52,"column":23}},"loc":{"start":{"line":52,"column":37},"end":{"line":68,"column":1}},"line":52},"3":{"name":"(anonymous_3)","decl":{"start":{"line":70,"column":29},"end":{"line":70,"column":30}},"loc":{"start":{"line":70,"column":44},"end":{"line":117,"column":1}},"line":70},"4":{"name":"(anonymous_4)","decl":{"start":{"line":120,"column":32},"end":{"line":120,"column":33}},"loc":{"start":{"line":120,"column":47},"end":{"line":144,"column":1}},"line":120},"5":{"name":"(anonymous_5)","decl":{"start":{"line":148,"column":26},"end":{"line":148,"column":27}},"loc":{"start":{"line":148,"column":41},"end":{"line":187,"column":1}},"line":148},"6":{"name":"(anonymous_6)","decl":{"start":{"line":189,"column":26},"end":{"line":189,"column":27}},"loc":{"start":{"line":189,"column":41},"end":{"line":226,"column":1}},"line":189},"7":{"name":"(anonymous_7)","decl":{"start":{"line":228,"column":27},"end":{"line":228,"column":28}},"loc":{"start":{"line":228,"column":42},"end":{"line":261,"column":1}},"line":228},"8":{"name":"(anonymous_8)","decl":{"start":{"line":242,"column":18},"end":{"line":242,"column":19}},"loc":{"start":{"line":242,"column":34},"end":{"line":246,"column":5}},"line":242},"9":{"name":"(anonymous_9)","decl":{"start":{"line":263,"column":31},"end":{"line":263,"column":32}},"loc":{"start":{"line":263,"column":46},"end":{"line":307,"column":1}},"line":263},"10":{"name":"(anonymous_10)","decl":{"start":{"line":278,"column":18},"end":{"line":278,"column":19}},"loc":{"start":{"line":278,"column":34},"end":{"line":282,"column":5}},"line":278},"11":{"name":"(anonymous_11)","decl":{"start":{"line":310,"column":31},"end":{"line":310,"column":32}},"loc":{"start":{"line":310,"column":46},"end":{"line":337,"column":1}},"line":310},"12":{"name":"(anonymous_12)","decl":{"start":{"line":339,"column":29},"end":{"line":339,"column":30}},"loc":{"start":{"line":339,"column":41},"end":{"line":355,"column":1}},"line":339}},"branchMap":{"0":{"loc":{"start":{"line":72,"column":4},"end":{"line":100,"column":5}},"type":"if","locations":[{"start":{"line":72,"column":4},"end":{"line":100,"column":5}},{"start":{"line":72,"column":4},"end":{"line":100,"column":5}}],"line":72},"1":{"loc":{"start":{"line":72,"column":7},"end":{"line":72,"column":84}},"type":"binary-expr","locations":[{"start":{"line":72,"column":7},"end":{"line":72,"column":40}},{"start":{"line":72,"column":44},"end":{"line":72,"column":84}}],"line":72},"2":{"loc":{"start":{"line":109,"column":12},"end":{"line":111,"column":13}},"type":"if","locations":[{"start":{"line":109,"column":12},"end":{"line":111,"column":13}},{"start":{"line":109,"column":12},"end":{"line":111,"column":13}}],"line":109},"3":{"loc":{"start":{"line":133,"column":4},"end":{"line":135,"column":5}},"type":"if","locations":[{"start":{"line":133,"column":4},"end":{"line":135,"column":5}},{"start":{"line":133,"column":4},"end":{"line":135,"column":5}}],"line":133},"4":{"loc":{"start":{"line":138,"column":4},"end":{"line":140,"column":5}},"type":"if","locations":[{"start":{"line":138,"column":4},"end":{"line":140,"column":5}},{"start":{"line":138,"column":4},"end":{"line":140,"column":5}}],"line":138},"5":{"loc":{"start":{"line":153,"column":4},"end":{"line":186,"column":5}},"type":"if","locations":[{"start":{"line":153,"column":4},"end":{"line":186,"column":5}},{"start":{"line":153,"column":4},"end":{"line":186,"column":5}}],"line":153},"6":{"loc":{"start":{"line":195,"column":4},"end":{"line":225,"column":5}},"type":"if","locations":[{"start":{"line":195,"column":4},"end":{"line":225,"column":5}},{"start":{"line":195,"column":4},"end":{"line":225,"column":5}}],"line":195},"7":{"loc":{"start":{"line":231,"column":4},"end":{"line":234,"column":5}},"type":"if","locations":[{"start":{"line":231,"column":4},"end":{"line":234,"column":5}},{"start":{"line":231,"column":4},"end":{"line":234,"column":5}}],"line":231},"8":{"loc":{"start":{"line":268,"column":4},"end":{"line":270,"column":5}},"type":"if","locations":[{"start":{"line":268,"column":4},"end":{"line":270,"column":5}},{"start":{"line":268,"column":4},"end":{"line":270,"column":5}}],"line":268},"9":{"loc":{"start":{"line":300,"column":12},"end":{"line":302,"column":13}},"type":"if","locations":[{"start":{"line":300,"column":12},"end":{"line":302,"column":13}},{"start":{"line":300,"column":12},"end":{"line":302,"column":13}}],"line":300},"10":{"loc":{"start":{"line":330,"column":4},"end":{"line":335,"column":5}},"type":"if","locations":[{"start":{"line":330,"column":4},"end":{"line":335,"column":5}},{"start":{"line":330,"column":4},"end":{"line":335,"column":5}}],"line":330}},"s":{"0":1,"1":1,"2":1,"3":1,"4":1,"5":1,"6":1,"7":1,"8":3,"9":3,"10":3,"11":3,"12":1,"13":0,"14":0,"15":0,"16":0,"17":1,"18":7,"19":7,"20":7,"21":7,"22":7,"23":1,"24":6,"25":6,"26":5,"27":1,"28":6,"29":6,"30":6,"31":6,"32":6,"33":24,"34":24,"35":264,"36":20,"37":6,"38":1,"39":2,"40":2,"41":2,"42":2,"43":2,"44":1,"45":1,"46":1,"47":0,"48":1,"49":1,"50":1,"51":1,"52":1,"53":0,"54":0,"55":0,"56":0,"57":0,"58":0,"59":0,"60":1,"61":1,"62":1,"63":1,"64":1,"65":1,"66":0,"67":0,"68":0,"69":0,"70":0,"71":0,"72":0,"73":1,"74":1,"75":1,"76":1,"77":0,"78":1,"79":1,"80":1,"81":4,"82":1,"83":1,"84":1,"85":4,"86":4,"87":4,"88":1,"89":1,"90":1,"91":1,"92":1,"93":0,"94":0,"95":0,"96":0,"97":0,"98":0,"99":0,"100":0,"101":0,"102":0,"103":0,"104":0,"105":0,"106":0,"107":0,"108":0,"109":0,"110":0,"111":0,"112":0,"113":0,"114":0,"115":0,"116":0,"117":0,"118":1,"119":0,"120":0,"121":0,"122":0,"123":0,"124":0,"125":0,"126":0,"127":1,"128":0,"129":0,"130":0,"131":0},"f":{"0":3,"1":0,"2":7,"3":6,"4":2,"5":1,"6":1,"7":1,"8":4,"9":0,"10":0,"11":0,"12":0},"b":{"0":[5,1],"1":[6,4],"2":[20,244],"3":[1,1],"4":[0,1],"5":[0,1],"6":[0,1],"7":[0,1],"8":[0,0],"9":[0,0],"10":[0,0]},"_coverageSchema":"1a1c01bbd47fc00a2c39e90264f33305004495a9","hash":"49d0d37f20d90c34e9c9a5376f0a060b70d4cf59"}
,"C:\\Users\\DuyPC1\\Desktop\\fa.nodejs.mock.batch1\\server\\src\\services\\token.service.js": {"path":"C:\\Users\\DuyPC1\\Desktop\\fa.nodejs.mock.batch1\\server\\src\\services\\token.service.js","statementMap":{"0":{"start":{"line":1,"column":12},"end":{"line":1,"column":35}},"1":{"start":{"line":2,"column":12},"end":{"line":2,"column":30}},"2":{"start":{"line":3,"column":13},"end":{"line":3,"column":28}},"3":{"start":{"line":4,"column":0},"end":{"line":4,"column":26}},"4":{"start":{"line":5,"column":17},"end":{"line":5,"column":41}},"5":{"start":{"line":14,"column":0},"end":{"line":16,"column":2}},"6":{"start":{"line":15,"column":4},"end":{"line":15,"column":76}},"7":{"start":{"line":18,"column":0},"end":{"line":33,"column":1}},"8":{"start":{"line":20,"column":29},"end":{"line":20,"column":37}},"9":{"start":{"line":22,"column":20},"end":{"line":22,"column":76}},"10":{"start":{"line":24,"column":4},"end":{"line":24,"column":23}},"11":{"start":{"line":25,"column":4},"end":{"line":25,"column":23}},"12":{"start":{"line":27,"column":4},"end":{"line":29,"column":5}},"13":{"start":{"line":28,"column":8},"end":{"line":28,"column":60}},"14":{"start":{"line":30,"column":4},"end":{"line":32,"column":5}},"15":{"start":{"line":31,"column":8},"end":{"line":31,"column":43}}},"fnMap":{"0":{"name":"(anonymous_0)","decl":{"start":{"line":14,"column":31},"end":{"line":14,"column":32}},"loc":{"start":{"line":14,"column":47},"end":{"line":16,"column":1}},"line":14},"1":{"name":"(anonymous_1)","decl":{"start":{"line":18,"column":29},"end":{"line":18,"column":30}},"loc":{"start":{"line":18,"column":44},"end":{"line":33,"column":1}},"line":18}},"branchMap":{"0":{"loc":{"start":{"line":27,"column":4},"end":{"line":29,"column":5}},"type":"if","locations":[{"start":{"line":27,"column":4},"end":{"line":29,"column":5}},{"start":{"line":27,"column":4},"end":{"line":29,"column":5}}],"line":27},"1":{"loc":{"start":{"line":30,"column":4},"end":{"line":32,"column":5}},"type":"if","locations":[{"start":{"line":30,"column":4},"end":{"line":32,"column":5}},{"start":{"line":30,"column":4},"end":{"line":32,"column":5}}],"line":30}},"s":{"0":1,"1":1,"2":1,"3":1,"4":1,"5":1,"6":0,"7":1,"8":0,"9":0,"10":0,"11":0,"12":0,"13":0,"14":0,"15":0},"f":{"0":0,"1":0},"b":{"0":[0,0],"1":[0,0]},"_coverageSchema":"1a1c01bbd47fc00a2c39e90264f33305004495a9","hash":"bf9a99902fd2b413115146b4714d8a43720f6c4c"}
,"C:\\Users\\DuyPC1\\Desktop\\fa.nodejs.mock.batch1\\server\\src\\services\\user.service.js": {"path":"C:\\Users\\DuyPC1\\Desktop\\fa.nodejs.mock.batch1\\server\\src\\services\\user.service.js","statementMap":{"0":{"start":{"line":1,"column":12},"end":{"line":1,"column":30}},"1":{"start":{"line":2,"column":23},"end":{"line":2,"column":38}},"2":{"start":{"line":3,"column":13},"end":{"line":3,"column":28}},"3":{"start":{"line":4,"column":12},"end":{"line":4,"column":35}},"4":{"start":{"line":5,"column":15},"end":{"line":5,"column":32}},"5":{"start":{"line":6,"column":15},"end":{"line":6,"column":56}},"6":{"start":{"line":7,"column":17},"end":{"line":7,"column":41}},"7":{"start":{"line":9,"column":0},"end":{"line":9,"column":27}},"8":{"start":{"line":11,"column":0},"end":{"line":14,"column":5}},"9":{"start":{"line":16,"column":18},"end":{"line":16,"column":51}},"10":{"start":{"line":18,"column":18},"end":{"line":33,"column":1}},"11":{"start":{"line":19,"column":30},"end":{"line":28,"column":5}},"12":{"start":{"line":30,"column":4},"end":{"line":30,"column":51}},"13":{"start":{"line":31,"column":22},"end":{"line":31,"column":63}},"14":{"start":{"line":32,"column":4},"end":{"line":32,"column":21}},"15":{"start":{"line":35,"column":25},"end":{"line":51,"column":1}},"16":{"start":{"line":36,"column":17},"end":{"line":47,"column":5}},"17":{"start":{"line":49,"column":4},"end":{"line":49,"column":56}},"18":{"start":{"line":50,"column":4},"end":{"line":50,"column":35}},"19":{"start":{"line":53,"column":0},"end":{"line":91,"column":2}},"20":{"start":{"line":54,"column":43},"end":{"line":54,"column":51}},"21":{"start":{"line":55,"column":25},"end":{"line":55,"column":33}},"22":{"start":{"line":56,"column":20},"end":{"line":56,"column":39}},"23":{"start":{"line":58,"column":23},"end":{"line":58,"column":54}},"24":{"start":{"line":59,"column":4},"end":{"line":61,"column":5}},"25":{"start":{"line":60,"column":8},"end":{"line":60,"column":60}},"26":{"start":{"line":68,"column":17},"end":{"line":68,"column":61}},"27":{"start":{"line":69,"column":4},"end":{"line":71,"column":5}},"28":{"start":{"line":70,"column":8},"end":{"line":70,"column":40}},"29":{"start":{"line":72,"column":17},"end":{"line":72,"column":63}},"30":{"start":{"line":73,"column":25},"end":{"line":73,"column":65}},"31":{"start":{"line":75,"column":17},"end":{"line":87,"column":5}},"32":{"start":{"line":89,"column":4},"end":{"line":89,"column":50}},"33":{"start":{"line":90,"column":4},"end":{"line":90,"column":39}},"34":{"start":{"line":93,"column":0},"end":{"line":120,"column":2}},"35":{"start":{"line":94,"column":30},"end":{"line":94,"column":38}},"36":{"start":{"line":96,"column":25},"end":{"line":96,"column":56}},"37":{"start":{"line":98,"column":4},"end":{"line":100,"column":5}},"38":{"start":{"line":99,"column":8},"end":{"line":99,"column":64}},"39":{"start":{"line":102,"column":17},"end":{"line":102,"column":38}},"40":{"start":{"line":104,"column":4},"end":{"line":107,"column":5}},"41":{"start":{"line":105,"column":22},"end":{"line":105,"column":23}},"42":{"start":{"line":106,"column":8},"end":{"line":106,"column":45}},"43":{"start":{"line":109,"column":4},"end":{"line":118,"column":5}},"44":{"start":{"line":110,"column":8},"end":{"line":110,"column":29}},"45":{"start":{"line":111,"column":8},"end":{"line":111,"column":25}},"46":{"start":{"line":112,"column":28},"end":{"line":112,"column":143}},"47":{"start":{"line":113,"column":29},"end":{"line":113,"column":125}},"48":{"start":{"line":114,"column":8},"end":{"line":114,"column":88}},"49":{"start":{"line":117,"column":8},"end":{"line":117,"column":63}},"50":{"start":{"line":122,"column":0},"end":{"line":139,"column":1}},"51":{"start":{"line":123,"column":21},"end":{"line":123,"column":24}},"52":{"start":{"line":124,"column":15},"end":{"line":124,"column":36}},"53":{"start":{"line":126,"column":17},"end":{"line":132,"column":5}},"54":{"start":{"line":134,"column":4},"end":{"line":134,"column":50}},"55":{"start":{"line":135,"column":21},"end":{"line":135,"column":48}},"56":{"start":{"line":136,"column":4},"end":{"line":136,"column":29}},"57":{"start":{"line":137,"column":4},"end":{"line":137,"column":33}},"58":{"start":{"line":138,"column":4},"end":{"line":138,"column":20}}},"fnMap":{"0":{"name":"(anonymous_0)","decl":{"start":{"line":18,"column":18},"end":{"line":18,"column":19}},"loc":{"start":{"line":18,"column":44},"end":{"line":33,"column":1}},"line":18},"1":{"name":"(anonymous_1)","decl":{"start":{"line":35,"column":25},"end":{"line":35,"column":26}},"loc":{"start":{"line":35,"column":44},"end":{"line":51,"column":1}},"line":35},"2":{"name":"(anonymous_2)","decl":{"start":{"line":53,"column":26},"end":{"line":53,"column":27}},"loc":{"start":{"line":53,"column":41},"end":{"line":91,"column":1}},"line":53},"3":{"name":"(anonymous_3)","decl":{"start":{"line":93,"column":30},"end":{"line":93,"column":31}},"loc":{"start":{"line":93,"column":45},"end":{"line":120,"column":1}},"line":93},"4":{"name":"(anonymous_4)","decl":{"start":{"line":122,"column":28},"end":{"line":122,"column":29}},"loc":{"start":{"line":122,"column":43},"end":{"line":139,"column":1}},"line":122}},"branchMap":{"0":{"loc":{"start":{"line":59,"column":4},"end":{"line":61,"column":5}},"type":"if","locations":[{"start":{"line":59,"column":4},"end":{"line":61,"column":5}},{"start":{"line":59,"column":4},"end":{"line":61,"column":5}}],"line":59},"1":{"loc":{"start":{"line":69,"column":4},"end":{"line":71,"column":5}},"type":"if","locations":[{"start":{"line":69,"column":4},"end":{"line":71,"column":5}},{"start":{"line":69,"column":4},"end":{"line":71,"column":5}}],"line":69},"2":{"loc":{"start":{"line":98,"column":4},"end":{"line":100,"column":5}},"type":"if","locations":[{"start":{"line":98,"column":4},"end":{"line":100,"column":5}},{"start":{"line":98,"column":4},"end":{"line":100,"column":5}}],"line":98},"3":{"loc":{"start":{"line":104,"column":4},"end":{"line":107,"column":5}},"type":"if","locations":[{"start":{"line":104,"column":4},"end":{"line":107,"column":5}},{"start":{"line":104,"column":4},"end":{"line":107,"column":5}}],"line":104},"4":{"loc":{"start":{"line":109,"column":4},"end":{"line":118,"column":5}},"type":"if","locations":[{"start":{"line":109,"column":4},"end":{"line":118,"column":5}},{"start":{"line":109,"column":4},"end":{"line":118,"column":5}}],"line":109}},"s":{"0":1,"1":1,"2":1,"3":1,"4":1,"5":1,"6":1,"7":1,"8":1,"9":1,"10":1,"11":9,"12":9,"13":9,"14":9,"15":1,"16":0,"17":0,"18":0,"19":1,"20":2,"21":2,"22":2,"23":2,"24":2,"25":2,"26":0,"27":0,"28":0,"29":0,"30":0,"31":0,"32":0,"33":0,"34":1,"35":7,"36":7,"37":7,"38":2,"39":5,"40":5,"41":0,"42":0,"43":5,"44":2,"45":2,"46":2,"47":2,"48":2,"49":3,"50":1,"51":1,"52":1,"53":1,"54":1,"55":1,"56":1,"57":1,"58":1},"f":{"0":9,"1":0,"2":2,"3":7,"4":1},"b":{"0":[2,0],"1":[0,0],"2":[2,5],"3":[0,5],"4":[2,3]},"_coverageSchema":"1a1c01bbd47fc00a2c39e90264f33305004495a9","hash":"4159f3eb30fef60c28c41a854473aa39da1026e0"}
}
