TN:
SF:app.js
FN:36,(anonymous_0)
FN:48,(anonymous_1)
FNF:2
FNH:2
FNDA:21,(anonymous_0)
FNDA:1,(anonymous_1)
DA:1,1
DA:2,1
DA:3,1
DA:4,1
DA:5,1
DA:6,1
DA:8,1
DA:10,1
DA:11,1
DA:13,1
DA:14,1
DA:15,1
DA:17,1
DA:19,1
DA:20,1
DA:21,1
DA:26,1
DA:28,1
DA:30,1
DA:31,1
DA:32,1
DA:33,1
DA:36,1
DA:37,21
DA:46,1
DA:48,1
DA:49,1
DA:52,1
LF:28
LH:28
BRDA:37,0,0,21
BRDA:37,0,1,0
BRDA:46,1,0,1
BRDA:46,1,1,0
BRF:4
BRH:2
end_of_record
TN:
SF:constant.js
FNF:0
FNH:0
DA:1,1
LF:1
LH:1
BRF:0
BRH:0
end_of_record
TN:
SF:controllers\product.controller.js
FN:4,(anonymous_0)
FN:16,(anonymous_1)
FN:29,(anonymous_2)
FN:40,(anonymous_3)
FN:52,(anonymous_4)
FN:64,(anonymous_5)
FN:76,(anonymous_6)
FN:88,(anonymous_7)
FNF:8
FNH:5
FNDA:6,(anonymous_0)
FNDA:2,(anonymous_1)
FNDA:1,(anonymous_2)
FNDA:1,(anonymous_3)
FNDA:1,(anonymous_4)
FNDA:0,(anonymous_5)
FNDA:0,(anonymous_6)
FNDA:0,(anonymous_7)
DA:1,1
DA:2,1
DA:4,1
DA:5,6
DA:6,6
DA:7,6
DA:12,0
DA:16,1
DA:17,2
DA:18,2
DA:19,1
DA:24,1
DA:29,1
DA:30,1
DA:31,1
DA:32,0
DA:36,1
DA:40,1
DA:41,1
DA:42,1
DA:43,1
DA:48,0
DA:52,1
DA:53,1
DA:54,1
DA:55,0
DA:60,1
DA:64,1
DA:65,0
DA:66,0
DA:67,0
DA:72,0
DA:76,1
DA:77,0
DA:78,0
DA:79,0
DA:84,0
DA:88,1
DA:89,0
DA:90,0
DA:91,0
DA:96,0
LF:42
LH:26
BRF:0
BRH:0
end_of_record
TN:
SF:controllers\token.controller.js
FN:4,(anonymous_0)
FNF:1
FNH:0
FNDA:0,(anonymous_0)
DA:1,1
DA:2,1
DA:4,1
DA:5,0
DA:6,0
DA:7,0
DA:12,0
LF:7
LH:3
BRF:0
BRH:0
end_of_record
TN:
SF:controllers\user.controller.js
FN:6,(anonymous_0)
FN:17,(anonymous_1)
FN:29,(anonymous_2)
FNF:3
FNH:3
FNDA:2,(anonymous_0)
FNDA:7,(anonymous_1)
FNDA:1,(anonymous_2)
DA:1,1
DA:3,1
DA:4,1
DA:6,1
DA:7,2
DA:8,2
DA:9,0
DA:13,2
DA:17,1
DA:18,7
DA:19,7
DA:20,2
DA:25,5
DA:29,1
DA:30,1
DA:31,1
DA:32,1
LF:17
LH:16
BRF:0
BRH:0
end_of_record
TN:
SF:middlewares\customPassport.passport.js
FN:4,(anonymous_0)
FN:5,(anonymous_1)
FNF:2
FNH:2
FNDA:23,(anonymous_0)
FNDA:23,(anonymous_1)
DA:1,1
DA:2,1
DA:4,1
DA:5,23
DA:6,23
DA:7,0
DA:9,23
DA:10,11
DA:12,12
DA:13,12
LF:10
LH:9
BRDA:6,0,0,0
BRDA:6,0,1,23
BRDA:9,1,0,11
BRDA:9,1,1,12
BRF:4
BRH:3
end_of_record
TN:
SF:middlewares\input.validate.js
FN:21,(anonymous_0)
FNF:1
FNH:1
FNDA:5,(anonymous_0)
DA:1,1
DA:2,1
DA:4,1
DA:14,1
DA:21,1
DA:22,5
DA:23,5
DA:24,5
DA:25,5
DA:26,2
DA:28,5
DA:29,0
DA:34,5
DA:35,2
DA:40,3
DA:41,1
LF:16
LH:15
BRDA:25,0,0,2
BRDA:25,0,1,3
BRDA:25,1,0,5
BRDA:25,1,1,4
BRDA:28,2,0,0
BRDA:28,2,1,5
BRDA:28,3,0,5
BRDA:28,3,1,1
BRDA:34,4,0,2
BRDA:34,4,1,3
BRDA:34,5,0,5
BRDA:34,5,1,4
BRDA:40,6,0,1
BRDA:40,6,1,2
BRDA:40,7,0,3
BRDA:40,7,1,1
BRF:16
BRH:15
end_of_record
TN:
SF:middlewares\passport.js
FN:19,(anonymous_0)
FNF:1
FNH:1
FNDA:12,(anonymous_0)
DA:1,1
DA:2,1
DA:3,1
DA:5,1
DA:10,1
DA:11,1
DA:12,1
DA:17,1
DA:19,1
DA:21,12
DA:34,12
DA:35,12
DA:36,12
DA:37,12
DA:40,0
DA:45,1
LF:16
LH:15
BRDA:36,0,0,12
BRDA:36,0,1,0
BRF:2
BRH:1
end_of_record
TN:
SF:middlewares\upload.base64.js
FN:5,(anonymous_0)
FN:28,(anonymous_1)
FN:32,(anonymous_2)
FNF:3
FNH:0
FNDA:0,(anonymous_0)
FNDA:0,(anonymous_1)
FNDA:0,(anonymous_2)
DA:1,1
DA:2,1
DA:3,1
DA:5,1
DA:6,0
DA:8,0
DA:9,0
DA:10,0
DA:13,0
DA:14,0
DA:15,0
DA:17,0
DA:18,0
DA:21,0
DA:22,0
DA:23,0
DA:25,0
DA:28,1
DA:30,0
DA:32,0
DA:33,0
DA:34,0
LF:22
LH:5
BRDA:8,0,0,0
BRDA:8,0,1,0
BRDA:17,1,0,0
BRDA:17,1,1,0
BRDA:33,2,0,0
BRDA:33,2,1,0
BRF:6
BRH:0
end_of_record
TN:
SF:routes\product.route.js
FNF:0
FNH:0
DA:1,1
DA:2,1
DA:3,1
DA:4,1
DA:5,1
DA:6,1
DA:8,1
DA:10,1
DA:12,1
DA:14,1
DA:16,1
DA:18,1
DA:20,1
DA:22,1
DA:24,1
LF:15
LH:15
BRF:0
BRH:0
end_of_record
TN:
SF:routes\token.route.js
FNF:0
FNH:0
DA:1,1
DA:2,1
DA:3,1
DA:5,1
DA:7,1
LF:5
LH:5
BRF:0
BRH:0
end_of_record
TN:
SF:routes\user.route.js
FN:17,(anonymous_0)
FNF:1
FNH:0
FNDA:0,(anonymous_0)
DA:1,1
DA:2,1
DA:3,1
DA:4,1
DA:6,1
DA:7,1
DA:8,1
DA:9,1
DA:11,1
DA:13,1
DA:15,1
DA:17,1
DA:18,0
DA:19,0
DA:28,1
LF:15
LH:13
BRF:0
BRH:0
end_of_record
TN:
SF:services\product.service.js
FN:14,(anonymous_0)
FN:33,(anonymous_1)
FN:52,(anonymous_2)
FN:70,(anonymous_3)
FN:120,(anonymous_4)
FN:148,(anonymous_5)
FN:189,(anonymous_6)
FN:228,(anonymous_7)
FN:242,(anonymous_8)
FN:263,(anonymous_9)
FN:278,(anonymous_10)
FN:310,(anonymous_11)
FN:339,(anonymous_12)
FNF:13
FNH:8
FNDA:3,(anonymous_0)
FNDA:0,(anonymous_1)
FNDA:7,(anonymous_2)
FNDA:6,(anonymous_3)
FNDA:2,(anonymous_4)
FNDA:1,(anonymous_5)
FNDA:1,(anonymous_6)
FNDA:1,(anonymous_7)
FNDA:4,(anonymous_8)
FNDA:0,(anonymous_9)
FNDA:0,(anonymous_10)
FNDA:0,(anonymous_11)
FNDA:0,(anonymous_12)
DA:1,1
DA:2,1
DA:3,1
DA:4,1
DA:5,1
DA:7,1
DA:12,1
DA:14,1
DA:15,3
DA:27,3
DA:28,3
DA:30,3
DA:33,1
DA:34,0
DA:47,0
DA:48,0
DA:49,0
DA:52,1
DA:53,7
DA:54,7
DA:65,7
DA:66,7
DA:67,7
DA:70,1
DA:71,6
DA:72,6
DA:73,5
DA:87,1
DA:102,6
DA:103,6
DA:105,6
DA:107,6
DA:108,24
DA:109,264
DA:110,20
DA:115,6
DA:120,1
DA:121,2
DA:123,2
DA:131,2
DA:132,2
DA:133,2
DA:134,1
DA:136,1
DA:138,1
DA:139,0
DA:142,1
DA:148,1
DA:149,1
DA:151,1
DA:153,1
DA:154,0
DA:162,0
DA:175,0
DA:176,0
DA:178,0
DA:179,0
DA:180,0
DA:185,1
DA:189,1
DA:190,1
DA:191,1
DA:193,1
DA:195,1
DA:196,0
DA:204,0
DA:217,0
DA:218,0
DA:219,0
DA:220,0
DA:221,0
DA:224,1
DA:228,1
DA:229,1
DA:231,1
DA:233,0
DA:236,1
DA:237,1
DA:238,4
DA:240,1
DA:241,1
DA:242,1
DA:243,4
DA:244,4
DA:245,4
DA:247,1
DA:256,1
DA:257,1
DA:259,1
DA:263,1
DA:264,0
DA:266,0
DA:268,0
DA:269,0
DA:272,0
DA:273,0
DA:274,0
DA:276,0
DA:277,0
DA:278,0
DA:279,0
DA:280,0
DA:281,0
DA:284,0
DA:293,0
DA:294,0
DA:296,0
DA:298,0
DA:299,0
DA:300,0
DA:301,0
DA:306,0
DA:310,1
DA:311,0
DA:312,0
DA:314,0
DA:327,0
DA:328,0
DA:330,0
DA:331,0
DA:334,0
DA:339,1
DA:341,0
DA:352,0
DA:353,0
DA:354,0
LF:126
LH:72
BRDA:72,0,0,5
BRDA:72,0,1,1
BRDA:72,1,0,6
BRDA:72,1,1,4
BRDA:109,2,0,20
BRDA:109,2,1,244
BRDA:133,3,0,1
BRDA:133,3,1,1
BRDA:138,4,0,0
BRDA:138,4,1,1
BRDA:153,5,0,0
BRDA:153,5,1,1
BRDA:195,6,0,0
BRDA:195,6,1,1
BRDA:231,7,0,0
BRDA:231,7,1,1
BRDA:268,8,0,0
BRDA:268,8,1,0
BRDA:300,9,0,0
BRDA:300,9,1,0
BRDA:330,10,0,0
BRDA:330,10,1,0
BRF:22
BRH:12
end_of_record
TN:
SF:services\token.service.js
FN:14,(anonymous_0)
FN:18,(anonymous_1)
FNF:2
FNH:0
FNDA:0,(anonymous_0)
FNDA:0,(anonymous_1)
DA:1,1
DA:2,1
DA:3,1
DA:4,1
DA:5,1
DA:14,1
DA:15,0
DA:18,1
DA:20,0
DA:22,0
DA:24,0
DA:25,0
DA:27,0
DA:28,0
DA:30,0
DA:31,0
LF:16
LH:7
BRDA:27,0,0,0
BRDA:27,0,1,0
BRDA:30,1,0,0
BRDA:30,1,1,0
BRF:4
BRH:0
end_of_record
TN:
SF:services\user.service.js
FN:18,(anonymous_0)
FN:35,(anonymous_1)
FN:53,(anonymous_2)
FN:93,(anonymous_3)
FN:122,(anonymous_4)
FNF:5
FNH:4
FNDA:9,(anonymous_0)
FNDA:0,(anonymous_1)
FNDA:2,(anonymous_2)
FNDA:7,(anonymous_3)
FNDA:1,(anonymous_4)
DA:1,1
DA:2,1
DA:3,1
DA:4,1
DA:5,1
DA:6,1
DA:7,1
DA:9,1
DA:11,1
DA:16,1
DA:18,1
DA:19,9
DA:30,9
DA:31,9
DA:32,9
DA:35,1
DA:36,0
DA:49,0
DA:50,0
DA:53,1
DA:54,2
DA:55,2
DA:56,2
DA:58,2
DA:59,2
DA:60,2
DA:68,0
DA:69,0
DA:70,0
DA:72,0
DA:73,0
DA:75,0
DA:89,0
DA:90,0
DA:93,1
DA:94,7
DA:96,7
DA:98,7
DA:99,2
DA:102,5
DA:104,5
DA:105,0
DA:106,0
DA:109,5
DA:110,2
DA:111,2
DA:112,2
DA:113,2
DA:114,2
DA:117,3
DA:122,1
DA:123,1
DA:124,1
DA:126,1
DA:134,1
DA:135,1
DA:136,1
DA:137,1
DA:138,1
LF:59
LH:46
BRDA:59,0,0,2
BRDA:59,0,1,0
BRDA:69,1,0,0
BRDA:69,1,1,0
BRDA:98,2,0,2
BRDA:98,2,1,5
BRDA:104,3,0,0
BRDA:104,3,1,5
BRDA:109,4,0,2
BRDA:109,4,1,3
BRF:10
BRH:6
end_of_record
